#
# There is insufficient memory for the Java Runtime Environment to continue.
# Native memory allocation (malloc) failed to allocate 1048576 bytes for AllocateHeap
# Possible reasons:
#   The system is out of physical RAM or swap space
#   The process is running with CompressedOops enabled, and the Java Heap may be blocking the growth of the native heap
# Possible solutions:
#   Reduce memory load on the system
#   Increase physical memory or swap space
#   Check if swap backing store is full
#   Decrease Java heap size (-Xmx/-Xms)
#   Decrease number of Java threads
#   Decrease Java thread stack sizes (-Xss)
#   Set larger code cache with -XX:ReservedCodeCacheSize=
#   JVM is running with Unscaled Compressed Oops mode in which the Java heap is
#     placed in the first 4GB address space. The Java Heap base address is the
#     maximum limit for the native heap growth. Please use -XX:HeapBaseMinAddress
#     to set the Java Heap base and to place the Java Heap above 4GB virtual address.
# This output file may be truncated or incomplete.
#
#  Out of Memory Error (allocation.cpp:44), pid=17276, tid=9972
#
# JRE version:  (17.0.6+1) (build )
# Java VM: OpenJDK 64-Bit Server VM (17.0.6+1-b653.34, mixed mode, sharing, tiered, compressed oops, compressed class ptrs, g1 gc, windows-amd64)
# No core dump will be written. Minidumps are not enabled by default on client versions of Windows
#

---------------  S U M M A R Y ------------

Command Line: git4idea.http.GitAskPassApp Username for 'https://github.com': 

Host: Intel(R) Core(TM) i7-8750H CPU @ 2.20GHz, 12 cores, 11G,  Windows 11 , 64 bit Build 22621 (10.0.22621.3374)
Time: Mon Apr 22 20:09:10 2024  Windows 11 , 64 bit Build 22621 (10.0.22621.3374) elapsed time: 0.010454 seconds (0d 0h 0m 0s)

---------------  T H R E A D  ---------------

Current thread (0x000002a53db061b0):  JavaThread "Unknown thread" [_thread_in_vm, id=9972, stack(0x000000cbc2000000,0x000000cbc2100000)]

Stack: [0x000000cbc2000000,0x000000cbc2100000]
Native frames: (J=compiled Java code, j=interpreted, Vv=VM code, C=native code)
V  [jvm.dll+0x683b4a]
V  [jvm.dll+0x842654]
V  [jvm.dll+0x843dfe]
V  [jvm.dll+0x844463]
V  [jvm.dll+0x249b75]
V  [jvm.dll+0xa641f]
V  [jvm.dll+0x2db8c4]
V  [jvm.dll+0x813f0c]
V  [jvm.dll+0x36e6a1]
V  [jvm.dll+0x7f347c]
V  [jvm.dll+0x3f0e8f]
V  [jvm.dll+0x3f29d1]
C  [jli.dll+0x526b]
C  [ucrtbase.dll+0x29333]
C  [KERNEL32.DLL+0x1257d]
C  [ntdll.dll+0x5aa48]


---------------  P R O C E S S  ---------------

Threads class SMR info:
_java_thread_list=0x00007ffdd6afc058, length=0, elements={
}

Java Threads: ( => current thread )

Other Threads:

=>0x000002a53db061b0 (exited) JavaThread "Unknown thread" [_thread_in_vm, id=9972, stack(0x000000cbc2000000,0x000000cbc2100000)]

Threads with active compile tasks:

VM state: not at safepoint (not fully initialized)

VM Mutex/Monitor currently owned by a thread: None

Heap address: 0x0000000000000000, size: 0 MB, Compressed Oops mode: 32-bit

CDS archive(s) mapped at: [0x0000000000000000-0x0000000000000000-0x0000000000000000), size 0, SharedBaseAddress: 0x0000000800000000, ArchiveRelocationMode: 0.
Narrow klass base: 0x0000000000000000, Narrow klass shift: 0, Narrow klass range: 0x0

GC Precious Log:
<Empty>

GC Heap History (0 events):
No events

Dll operation events (1 events):
Event: 0.008 Loaded shared library D:\install\IntelliJ IDEA 2022.3.3\jbr\bin\java.dll

Deoptimization events (0 events):
No events

Classes unloaded (0 events):
No events

Classes redefined (0 events):
No events

Internal exceptions (0 events):
No events

VM Operations (0 events):
No events

Events (0 events):
No events


Dynamic libraries:
0x00007ff7fb8c0000 - 0x00007ff7fb8ca000 	D:\install\IntelliJ IDEA 2022.3.3\jbr\bin\java.exe
0x00007ffe7d0b0000 - 0x00007ffe7d2c6000 	C:\WINDOWS\SYSTEM32\ntdll.dll
0x00007ffe7b860000 - 0x00007ffe7b924000 	C:\WINDOWS\System32\KERNEL32.DLL
0x00007ffe7a520000 - 0x00007ffe7a8c7000 	C:\WINDOWS\System32\KERNELBASE.dll
0x00007ffe7aa00000 - 0x00007ffe7ab11000 	C:\WINDOWS\System32\ucrtbase.dll
0x00007ffe74300000 - 0x00007ffe74317000 	D:\install\IntelliJ IDEA 2022.3.3\jbr\bin\jli.dll
0x00007ffe754c0000 - 0x00007ffe754db000 	D:\install\IntelliJ IDEA 2022.3.3\jbr\bin\VCRUNTIME140.dll
0x00007ffe7b0a0000 - 0x00007ffe7b24e000 	C:\WINDOWS\System32\USER32.dll
0x00007ffe60d10000 - 0x00007ffe60fa3000 	C:\WINDOWS\WinSxS\amd64_microsoft.windows.common-controls_6595b64144ccf1df_6.0.22621.3235_none_270f74e173860f98\COMCTL32.dll
0x00007ffe7a4f0000 - 0x00007ffe7a516000 	C:\WINDOWS\System32\win32u.dll
0x00007ffe7b570000 - 0x00007ffe7b617000 	C:\WINDOWS\System32\msvcrt.dll
0x00007ffe7c430000 - 0x00007ffe7c459000 	C:\WINDOWS\System32\GDI32.dll
0x00007ffe7ab20000 - 0x00007ffe7ac39000 	C:\WINDOWS\System32\gdi32full.dll
0x00007ffe7a3d0000 - 0x00007ffe7a46a000 	C:\WINDOWS\System32\msvcp_win.dll
0x00007ffe7b410000 - 0x00007ffe7b441000 	C:\WINDOWS\System32\IMM32.DLL
0x00007ffe75980000 - 0x00007ffe7598c000 	D:\install\IntelliJ IDEA 2022.3.3\jbr\bin\vcruntime140_1.dll
0x00007ffe696d0000 - 0x00007ffe6975d000 	D:\install\IntelliJ IDEA 2022.3.3\jbr\bin\msvcp140.dll
0x00007ffdd5fc0000 - 0x00007ffdd6c2d000 	D:\install\IntelliJ IDEA 2022.3.3\jbr\bin\server\jvm.dll
0x00007ffe7b4b0000 - 0x00007ffe7b562000 	C:\WINDOWS\System32\ADVAPI32.dll
0x00007ffe7b620000 - 0x00007ffe7b6c8000 	C:\WINDOWS\System32\sechost.dll
0x00007ffe7adb0000 - 0x00007ffe7add8000 	C:\WINDOWS\System32\bcrypt.dll
0x00007ffe7cda0000 - 0x00007ffe7ceb5000 	C:\WINDOWS\System32\RPCRT4.dll
0x00007ffe71bf0000 - 0x00007ffe71bfa000 	C:\WINDOWS\SYSTEM32\VERSION.dll
0x00007ffe75710000 - 0x00007ffe75719000 	C:\WINDOWS\SYSTEM32\WSOCK32.dll
0x00007ffe731c0000 - 0x00007ffe731f4000 	C:\WINDOWS\SYSTEM32\WINMM.dll
0x00007ffe7c460000 - 0x00007ffe7c4d1000 	C:\WINDOWS\System32\WS2_32.dll
0x00007ffe793d0000 - 0x00007ffe793e8000 	C:\WINDOWS\SYSTEM32\kernel.appcore.dll
0x00007ffe74330000 - 0x00007ffe7433a000 	D:\install\IntelliJ IDEA 2022.3.3\jbr\bin\jimage.dll
0x00007ffe77cf0000 - 0x00007ffe77f23000 	C:\WINDOWS\SYSTEM32\DBGHELP.DLL
0x00007ffe7c960000 - 0x00007ffe7cce8000 	C:\WINDOWS\System32\combase.dll
0x00007ffe7aef0000 - 0x00007ffe7afc7000 	C:\WINDOWS\System32\OLEAUT32.dll
0x00007ffe62930000 - 0x00007ffe62962000 	C:\WINDOWS\SYSTEM32\dbgcore.DLL
0x00007ffe7a470000 - 0x00007ffe7a4e9000 	C:\WINDOWS\System32\bcryptPrimitives.dll
0x00007ffe71a80000 - 0x00007ffe71aa5000 	D:\install\IntelliJ IDEA 2022.3.3\jbr\bin\java.dll

dbghelp: loaded successfully - version: 4.0.5 - missing functions: none
symbol engine: initialized successfully - sym options: 0x614 - pdb path: .;D:\install\IntelliJ IDEA 2022.3.3\jbr\bin;C:\WINDOWS\SYSTEM32;C:\WINDOWS\WinSxS\amd64_microsoft.windows.common-controls_6595b64144ccf1df_6.0.22621.3235_none_270f74e173860f98;D:\install\IntelliJ IDEA 2022.3.3\jbr\bin\server

VM Arguments:
java_command: git4idea.http.GitAskPassApp Username for 'https://github.com': 
java_class_path (initial): D:/install/IntelliJ IDEA 2022.3.3/plugins/vcs-git/lib/git4idea-rt.jar;D:/install/IntelliJ IDEA 2022.3.3/lib/externalProcess-rt.jar;D:/install/IntelliJ IDEA 2022.3.3/lib/app.jar;D:/install/IntelliJ IDEA 2022.3.3/lib/3rd-party-rt.jar
Launcher Type: SUN_STANDARD

[Global flags]
     intx CICompilerCount                          = 4                                         {product} {ergonomic}
     uint ConcGCThreads                            = 3                                         {product} {ergonomic}
     uint G1ConcRefinementThreads                  = 10                                        {product} {ergonomic}
   size_t G1HeapRegionSize                         = 2097152                                   {product} {ergonomic}
    uintx GCDrainStackTargetSize                   = 64                                        {product} {ergonomic}
   size_t InitialHeapSize                          = 199229440                                 {product} {ergonomic}
   size_t MarkStackSize                            = 4194304                                   {product} {ergonomic}
   size_t MaxHeapSize                              = 3183476736                                {product} {ergonomic}
   size_t MinHeapDeltaBytes                        = 2097152                                   {product} {ergonomic}
   size_t MinHeapSize                              = 8388608                                   {product} {ergonomic}
    uintx NonNMethodCodeHeapSize                   = 5839372                                {pd product} {ergonomic}
    uintx NonProfiledCodeHeapSize                  = 122909434                              {pd product} {ergonomic}
    uintx ProfiledCodeHeapSize                     = 122909434                              {pd product} {ergonomic}
    uintx ReservedCodeCacheSize                    = 251658240                              {pd product} {ergonomic}
     bool SegmentedCodeCache                       = true                                      {product} {ergonomic}
   size_t SoftMaxHeapSize                          = 3183476736                             {manageable} {ergonomic}
     bool UseCompressedClassPointers               = true                           {product lp64_product} {ergonomic}
     bool UseCompressedOops                        = true                           {product lp64_product} {ergonomic}
     bool UseG1GC                                  = true                                      {product} {ergonomic}
     bool UseLargePagesIndividualAllocation        = false                                  {pd product} {ergonomic}

Logging:
Log output configuration:
 #0: stdout all=warning uptime,level,tags
 #1: stderr all=off uptime,level,tags

Environment Variables:
JAVA_HOME=D:\install\develop\Java\jdk-17
PATH=C:/Program Files/Git/mingw64/libexec/git-core;C:/Program Files/Git/mingw64/libexec/git-core;C:\Program Files\Git\mingw64\bin;C:\Program Files\Git\usr\bin;C:\Users\l\bin;C:\Program Files (x86)\Common Files\Intel\Shared Libraries\redist\intel64\compiler;C:\Program Files (x86)\Intel\Intel(R) Management Engine Components\iCLS\;C:\Program Files\Intel\Intel(R) Management Engine Components\iCLS\;C:\Windows\system32;C:\Windows;C:\Windows\System32\Wbem;C:\Windows\System32\WindowsPowerShell\v1.0\;C:\Windows\System32\OpenSSH\;C:\Program Files (x86)\NVIDIA Corporation\PhysX\Common;C:\Program Files (x86)\Intel\Intel(R) Management Engine Components\DAL;C:\Program Files\Intel\Intel(R) Management Engine Components\DAL;C:\Program Files (x86)\Intel\Intel(R) Management Engine Components\IPT;C:\Program Files\Intel\Intel(R) Management Engine Components\IPT;C:\Program Files\Intel\WiFi\bin\;C:\Program Files\Common Files\Intel\WirelessCommon\;C:\WINDOWS\system32;C:\WINDOWS;C:\WINDOWS\System32\Wbem;C:\WINDOWS\System32\WindowsPowerShell\v1.0\;C:\WINDOWS\System32\OpenSSH\;C:\Program Files\MySQL\MySQL Server 8.0\bin;D:\2023\Git\Git\cmd;C:\Program Files\Microsoft SQL Server\150\Tools\Binn\;C:\Program Files\Microsoft SQL Server\Client SDK\ODBC\170\Tools\Binn\;C:\Program Files\dotnet\;E:\Windows Kits\10\Windows Performance Toolkit\;D:\install\SPASS\JRE\bin;C:\Users\chencheng7126937i\AppData\Local\Programs\Python\Python310\Scripts;D:\install\develop\NodeJS\;D:\install\develop\apache-maven-3.9.6\bin;D:\install\develop\apache-tomcat-9.0.87\bin;C:\Program Files\Git\cmd;C:\Users\l\AppData\Local\Microsoft\WindowsApps;D:\install\develop\Java\jdk-17\bin;D:\install\develop\Microsoft VS Code\bin;C:\Users\l\AppData\Roaming\npm
USERNAME=l
DISPLAY=:0.0
LC_ALL=en_US.UTF-8
TERM=xterm-256color
TMPDIR=C:\Users\l\AppData\Local\Temp
OS=Windows_NT
PROCESSOR_IDENTIFIER=Intel64 Family 6 Model 158 Stepping 10, GenuineIntel
TMP=C:\Users\l\AppData\Local\Temp
TEMP=C:\Users\l\AppData\Local\Temp



---------------  S Y S T E M  ---------------

OS:
 Windows 11 , 64 bit Build 22621 (10.0.22621.3374)
OS uptime: 0 days 1:34 hours
Hyper-V role detected

CPU: total 12 (initial active 12) (6 cores per cpu, 2 threads per core) family 6 model 158 stepping 10 microcode 0xde, cx8, cmov, fxsr, ht, mmx, 3dnowpref, sse, sse2, sse3, ssse3, sse4.1, sse4.2, popcnt, lzcnt, tsc, tscinvbit, avx, avx2, aes, erms, clmul, bmi1, bmi2, adx, fma, vzeroupper, clflush, clflushopt, hv

Memory: 4k page, system-wide physical 12138M (541M free)
TotalPageFile size 28522M (AvailPageFile size 6M)
current process WorkingSet (physical memory assigned to process): 10M, peak: 10M
current process commit charge ("private bytes"): 20M, peak: 21M

vm_info: OpenJDK 64-Bit Server VM (17.0.6+1-b653.34) for windows-amd64 JRE (17.0.6+1-b653.34), built on 2023-02-24 by "builduser" with MS VC++ 16.10 / 16.11 (VS2019)

END.
